<?xml version="1.0" encoding="UTF-8"?>
<!-- Generated by org.testng.reporters.JUnitXMLReporter -->
<testsuite hostname="DESKTOP-JCJ8HOK" ignored="0" name="ChromeTest" tests="4" failures="0" timestamp="20 Oct 2023 13:07:43 GMT" time="43.485" errors="0">
  <testcase name="radioButtonTest" time="0.29" classname="testng.RadioButton1"/>
  <testcase name="amazon" time="5.105" classname="testng.TNG_002"/>
  <testcase name="checkboxTest" time="0.293" classname="testng.CheckBox1"/>
  <testcase name="linktesting1" time="1.369" classname="testng.LinksTesting1"/>
</testsuite> <!-- ChromeTest -->
