<?xml version="1.0" encoding="UTF-8"?>
<!-- Generated by org.testng.reporters.JUnitXMLReporter -->
<testsuite hostname="DESKTOP-JCJ8HOK" ignored="0" name="FunctionalTest" tests="4" failures="0" timestamp="20 Oct 2023 12:52:37 GMT" time="46.293" errors="0">
  <testcase name="radioButtonTest" time="0.362" classname="testng.RadioButton1"/>
  <testcase name="amazon" time="6.432" classname="testng.TNG_002"/>
  <testcase name="checkboxTest" time="0.185" classname="testng.CheckBox1"/>
  <testcase name="linktesting1" time="1.417" classname="testng.LinksTesting1"/>
</testsuite> <!-- FunctionalTest -->
