<?xml version="1.0" encoding="UTF-8"?>
<!-- Generated by org.testng.reporters.JUnitXMLReporter -->
<testsuite hostname="DESKTOP-JCJ8HOK" ignored="1" name="AutomationTest" tests="4" failures="0" timestamp="19 Oct 2023 13:40:08 GMT" time="15.416" errors="0">
  <testcase name="f" time="0.009" classname="testng.NewTest"/>
  <testcase name="amazon" time="5.442" classname="testng.TNG_002"/>
  <testcase name="f" time="0.002" classname="testng.TNG_001"/>
  <testcase name="a" time="0.002" classname="testng.TNG_001"/>
  <testcase name="z" time="0.0" classname="testng.TNG_001">
    <ignored/>
  </testcase> <!-- z -->
</testsuite> <!-- AutomationTest -->
