<?xml version="1.0" encoding="UTF-8"?>
<testng-results skipped="0" failed="0" ignored="0" total="6" passed="6">
  <reporter-output>
  </reporter-output>
  <suite name="Suite" duration-ms="143" started-at="2023-10-25T13:27:41Z" finished-at="2023-10-25T13:27:41Z">
    <groups>
    </groups>
    <test name="Test" duration-ms="143" started-at="2023-10-25T13:27:41Z" finished-at="2023-10-25T13:27:41Z">
      <class name="testng.TestMethodParlell">
        <test-method status="PASS" signature="testA1()[pri:0, instance:testng.TestMethodParlell@3327bd23]" name="testA1" duration-ms="31" started-at="2023-10-25T13:27:41Z" finished-at="2023-10-25T13:27:41Z">
          <reporter-output>
          </reporter-output>
        </test-method> <!-- testA1 -->
        <test-method status="PASS" signature="testA3()[pri:0, instance:testng.TestMethodParlell@3327bd23]" name="testA3" duration-ms="31" started-at="2023-10-25T13:27:41Z" finished-at="2023-10-25T13:27:41Z">
          <reporter-output>
          </reporter-output>
        </test-method> <!-- testA3 -->
        <test-method status="PASS" signature="testA2()[pri:0, instance:testng.TestMethodParlell@3327bd23]" name="testA2" duration-ms="31" started-at="2023-10-25T13:27:41Z" finished-at="2023-10-25T13:27:41Z">
          <reporter-output>
          </reporter-output>
        </test-method> <!-- testA2 -->
        <test-method status="PASS" signature="testA4()[pri:0, instance:testng.TestMethodParlell@3327bd23]" name="testA4" duration-ms="6" started-at="2023-10-25T13:27:41Z" finished-at="2023-10-25T13:27:41Z">
          <reporter-output>
          </reporter-output>
        </test-method> <!-- testA4 -->
        <test-method status="PASS" signature="testA5()[pri:0, instance:testng.TestMethodParlell@3327bd23]" name="testA5" duration-ms="17" started-at="2023-10-25T13:27:41Z" finished-at="2023-10-25T13:27:41Z">
          <reporter-output>
          </reporter-output>
        </test-method> <!-- testA5 -->
        <test-method status="PASS" signature="testA6()[pri:0, instance:testng.TestMethodParlell@3327bd23]" name="testA6" duration-ms="4" started-at="2023-10-25T13:27:41Z" finished-at="2023-10-25T13:27:41Z">
          <reporter-output>
          </reporter-output>
        </test-method> <!-- testA6 -->
      </class> <!-- testng.TestMethodParlell -->
    </test> <!-- Test -->
  </suite> <!-- Suite -->
</testng-results>
