<?xml version="1.0" encoding="UTF-8"?>
<!-- Generated by org.testng.reporters.JUnitXMLReporter -->
<testsuite hostname="DESKTOP-JCJ8HOK" ignored="2" name="Cretae New Booking Test" tests="5" failures="0" timestamp="31 Oct 2023 13:12:27 GMT" time="0.12" errors="0">
  <testcase name="createBooking" time="0.016" classname="testcases.BookingManagement"/>
  <testcase name="applyDiscount" time="0.01" classname="testcases.PaymentManagement"/>
  <testcase name="makePayment" time="0.011" classname="testcases.PaymentManagement"/>
  <testcase name="checkMailCommunication" time="0.003" classname="testcases.CommunicationManagement"/>
  <testcase name="checkMobileCommunication" time="0.002" classname="testcases.CommunicationManagement"/>
  <testcase name="modifyBooking" time="0.0" classname="testcases.BookingManagement">
    <ignored/>
  </testcase> <!-- modifyBooking -->
  <testcase name="deleteBooking" time="0.0" classname="testcases.BookingManagement">
    <ignored/>
  </testcase> <!-- deleteBooking -->
</testsuite> <!-- Cretae New Booking Test -->
