<?xml version="1.0" encoding="UTF-8"?>
<!-- Generated by org.testng.reporters.JUnitXMLReporter -->
<testsuite hostname="DESKTOP-JCJ8HOK" ignored="2" name="Modify Booking Test" tests="5" failures="0" timestamp="31 Oct 2023 13:12:27 GMT" time="0.051" errors="0">
  <testcase name="modifyBooking" time="0.002" classname="testcases.BookingManagement"/>
  <testcase name="applyDiscount" time="0.007" classname="testcases.PaymentManagement"/>
  <testcase name="makePayment" time="0.002" classname="testcases.PaymentManagement"/>
  <testcase name="checkMailCommunication" time="0.009" classname="testcases.CommunicationManagement"/>
  <testcase name="checkMobileCommunication" time="0.005" classname="testcases.CommunicationManagement"/>
  <testcase name="createBooking" time="0.0" classname="testcases.BookingManagement">
    <ignored/>
  </testcase> <!-- createBooking -->
  <testcase name="deleteBooking" time="0.0" classname="testcases.BookingManagement">
    <ignored/>
  </testcase> <!-- deleteBooking -->
</testsuite> <!-- Modify Booking Test -->
