<?xml version="1.0" encoding="UTF-8"?>
<!-- Generated by org.testng.reporters.JUnitXMLReporter -->
<testsuite hostname="DESKTOP-JCJ8HOK" ignored="0" name="Test" tests="7" failures="0" timestamp="31 Oct 2023 13:06:32 GMT" time="0.137" errors="0">
  <testcase name="createBooking" time="0.023" classname="testcases.BookingManagement"/>
  <testcase name="deleteBooking" time="0.009" classname="testcases.BookingManagement"/>
  <testcase name="modifyBooking" time="0.003" classname="testcases.BookingManagement"/>
  <testcase name="applyDiscount" time="0.003" classname="testcases.PaymentManagement"/>
  <testcase name="makePayment" time="0.006" classname="testcases.PaymentManagement"/>
  <testcase name="checkMailCommunication" time="0.005" classname="testcases.CommunicationManagement"/>
  <testcase name="checkMobileCommunication" time="0.002" classname="testcases.CommunicationManagement"/>
</testsuite> <!-- Test -->
