<?xml version="1.0" encoding="UTF-8"?>
<!-- Generated by org.testng.reporters.JUnitXMLReporter -->
<testsuite hostname="DESKTOP-JCJ8HOK" ignored="0" name="Default test" tests="3" failures="0" timestamp="25 Oct 2023 13:22:35 GMT" time="0.123" errors="0">
  <testcase name="testA1" time="0.029" classname="testng.TestMethodParlell"/>
  <testcase name="testA2" time="0.006" classname="testng.TestMethodParlell"/>
  <testcase name="testA3" time="0.004" classname="testng.TestMethodParlell"/>
</testsuite> <!-- Default test -->
