<?xml version="1.0" encoding="UTF-8"?>
<!-- Generated by org.testng.reporters.JUnitXMLReporter -->
<testsuite hostname="DESKTOP-JCJ8HOK" ignored="0" name="Default test" tests="4" failures="0" timestamp="20 Oct 2023 13:42:56 GMT" time="0.152" errors="0">
  <testcase name="orange" time="0.031" classname="testng.TestDependency"/>
  <testcase name="white" time="0.002" classname="testng.TestDependency"/>
  <testcase name="blue" time="0.002" classname="testng.TestDependency">
    <skipped/>
  </testcase> <!-- blue -->
  <testcase name="green" time="0.0" classname="testng.TestDependency">
    <skipped/>
  </testcase> <!-- green -->
</testsuite> <!-- Default test -->
